<?xml version="1.0" encoding="UTF-8"?>
<!-- Generated by org.testng.reporters.JUnitReportReporter -->
<testsuite hostname="lihaos-MacBook-Pro.local" name="com.auto.selenium.grid.demo.TechTest" tests="18" failures="0" timestamp="10 Sep 2019 13:08:23 GMT" time="189.399" errors="0">
  <testcase name="test1" time="15.294" classname="com.auto.selenium.grid.demo.TechTest"/>
  <testcase name="test1" time="15.779" classname="com.auto.selenium.grid.demo.TechTest"/>
  <testcase name="test1" time="14.948" classname="com.auto.selenium.grid.demo.TechTest"/>
  <testcase name="test1" time="15.471" classname="com.auto.selenium.grid.demo.TechTest"/>
  <testcase name="test1" time="4.492" classname="com.auto.selenium.grid.demo.TechTest"/>
  <testcase name="test1" time="16.695" classname="com.auto.selenium.grid.demo.TechTest"/>
  <testcase name="test1" time="14.170" classname="com.auto.selenium.grid.demo.TechTest"/>
  <testcase name="test1" time="4.503" classname="com.auto.selenium.grid.demo.TechTest"/>
  <testcase name="test1" time="4.459" classname="com.auto.selenium.grid.demo.TechTest"/>
  <testcase name="test1" time="4.425" classname="com.auto.selenium.grid.demo.TechTest"/>
  <testcase name="test1" time="15.815" classname="com.auto.selenium.grid.demo.TechTest"/>
  <testcase name="test1" time="4.403" classname="com.auto.selenium.grid.demo.TechTest"/>
  <testcase name="test1" time="4.471" classname="com.auto.selenium.grid.demo.TechTest"/>
  <testcase name="test1" time="14.458" classname="com.auto.selenium.grid.demo.TechTest"/>
  <testcase name="test1" time="15.665" classname="com.auto.selenium.grid.demo.TechTest"/>
  <testcase name="test1" time="4.404" classname="com.auto.selenium.grid.demo.TechTest"/>
  <testcase name="test1" time="15.522" classname="com.auto.selenium.grid.demo.TechTest"/>
  <testcase name="test1" time="4.425" classname="com.auto.selenium.grid.demo.TechTest"/>
</testsuite> <!-- com.auto.selenium.grid.demo.TechTest -->
