<?xml version="1.0" encoding="UTF-8"?>
<!-- Generated by org.testng.reporters.JUnitReportReporter -->
<testsuite hostname="lihaos-MacBook-Pro.local" name="com.auto.selenium.grid.demo.TechTest" tests="3" failures="0" timestamp="5 Sep 2019 15:32:00 GMT" time="132.166" errors="0">
  <testcase name="test1" time="45.003" classname="com.auto.selenium.grid.demo.TechTest"/>
  <testcase name="test1" time="42.355" classname="com.auto.selenium.grid.demo.TechTest"/>
  <testcase name="test1" time="44.808" classname="com.auto.selenium.grid.demo.TechTest"/>
</testsuite> <!-- com.auto.selenium.grid.demo.TechTest -->
